<?xml version="1.0" encoding="UTF-8"?>
<testsuite name="com.noten.app.model.NoteUtilsTest" tests="8" skipped="0" failures="0" errors="0" timestamp="2026-03-12T21:04:56" hostname="JONAS" time="0.028">
  <properties/>
  <testcase name="B3 at 246_94 Hz returns B3()" classname="com.noten.app.model.NoteUtilsTest" time="0.015"/>
  <testcase name="C4 middle C at 261_63 Hz returns C4()" classname="com.noten.app.model.NoteUtilsTest" time="0.0"/>
  <testcase name="E4 at 329_63 Hz returns E4()" classname="com.noten.app.model.NoteUtilsTest" time="0.0"/>
  <testcase name="flat note returns negative cents()" classname="com.noten.app.model.NoteUtilsTest" time="0.0"/>
  <testcase name="E2 at 82_41 Hz returns E2()" classname="com.noten.app.model.NoteUtilsTest" time="0.0"/>
  <testcase name="all guitar open strings detected correctly()" classname="com.noten.app.model.NoteUtilsTest" time="0.005"/>
  <testcase name="sharp note returns positive cents()" classname="com.noten.app.model.NoteUtilsTest" time="0.001"/>
  <testcase name="A4 at 440 Hz returns A4 with 0 cents()" classname="com.noten.app.model.NoteUtilsTest" time="0.001"/>
  <system-out><![CDATA[]]></system-out>
  <system-err><![CDATA[]]></system-err>
</testsuite>
