<?xml version="1.0" encoding="UTF-8"?>
<testsuite name="com.noten.app.quiz.NotePoolTest" tests="5" skipped="0" failures="0" errors="0" timestamp="2026-03-12T21:04:56" hostname="JONAS" time="0.024">
  <properties/>
  <testcase name="staff position is set for all open strings()" classname="com.noten.app.quiz.NotePoolTest" time="0.008"/>
  <testcase name="open strings pool has 6 notes()" classname="com.noten.app.quiz.NotePoolTest" time="0.001"/>
  <testcase name="generateRound only contains notes from pool()" classname="com.noten.app.quiz.NotePoolTest" time="0.009"/>
  <testcase name="generateRound returns requested number of notes()" classname="com.noten.app.quiz.NotePoolTest" time="0.001"/>
  <testcase name="open strings contains all guitar open strings()" classname="com.noten.app.quiz.NotePoolTest" time="0.0"/>
  <system-out><![CDATA[]]></system-out>
  <system-err><![CDATA[]]></system-err>
</testsuite>
